2022-08-30 17:16:58 Loading main app package /usr/lib/obsidian/obsidian.asar
2022-08-30 17:16:58 Checking for update using Github
2022-08-30 17:16:59 Success.
2022-08-30 17:16:59 Latest version is 0.15.9
2022-08-30 17:16:59 App is up to date.
2022-08-30 18:52:19 Loading main app package /usr/lib/obsidian/obsidian.asar
2022-08-30 18:52:19 Checking for update using Github
2022-08-30 18:52:20 Success.
2022-08-30 18:52:20 Latest version is 0.15.9
2022-08-30 18:52:20 App is up to date.
2022-08-30 19:52:19 Checking for update using Github
2022-08-30 19:52:20 Success.
2022-08-30 19:52:20 Latest version is 0.15.9
2022-08-30 19:52:20 App is up to date.
2022-08-30 20:52:19 Checking for update using Github
2022-08-30 20:52:20 Success.
2022-08-30 20:52:20 Latest version is 0.15.9
2022-08-30 20:52:20 App is up to date.
2022-08-30 21:52:19 Checking for update using Github
2022-08-30 21:52:20 Success.
2022-08-30 21:52:20 Latest version is 0.15.9
2022-08-30 21:52:20 App is up to date.
2022-08-30 22:52:19 Checking for update using Github
2022-08-30 22:52:20 Success.
2022-08-30 22:52:20 Latest version is 0.15.9
2022-08-30 22:52:20 App is up to date.
2022-08-30 23:52:20 Checking for update using Github
2022-08-30 23:52:20 Success.
2022-08-30 23:52:20 Latest version is 0.15.9
2022-08-30 23:52:20 App is up to date.
2022-08-31 00:52:24 Checking for update using Github
2022-08-31 00:52:25 Success.
2022-08-31 00:52:25 Latest version is 0.15.9
2022-08-31 00:52:25 App is up to date.
2022-08-31 13:25:10 Checking for update using Github
2022-08-31 13:25:10 Success.
2022-08-31 13:25:10 Latest version is 0.15.9
2022-08-31 13:25:10 App is up to date.
2022-08-31 13:48:27 Loading main app package /usr/lib/obsidian/obsidian.asar
2022-08-31 13:48:27 Checking for update using Github
2022-08-31 13:48:27 Success.
2022-08-31 13:48:27 Latest version is 0.15.9
2022-08-31 13:48:27 App is up to date.
2022-08-31 14:48:27 Checking for update using Github
2022-08-31 14:48:27 Success.
2022-08-31 14:48:27 Latest version is 0.15.9
2022-08-31 14:48:27 App is up to date.
2022-08-31 15:48:27 Checking for update using Github
2022-08-31 15:48:27 Success.
2022-08-31 15:48:27 Latest version is 0.15.9
2022-08-31 15:48:27 App is up to date.
2022-08-31 16:48:27 Checking for update using Github
2022-08-31 16:48:27 Success.
2022-08-31 16:48:27 Latest version is 0.15.9
2022-08-31 16:48:27 App is up to date.
2022-08-31 17:48:27 Checking for update using Github
2022-08-31 17:48:27 Success.
2022-08-31 17:48:27 Latest version is 0.15.9
2022-08-31 17:48:27 App is up to date.
2022-08-31 18:48:27 Checking for update using Github
2022-08-31 18:48:27 Success.
2022-08-31 18:48:27 Latest version is 0.15.9
2022-08-31 18:48:27 App is up to date.
2022-08-31 19:48:27 Checking for update using Github
2022-08-31 19:48:28 Success.
2022-08-31 19:48:28 Latest version is 0.15.9
2022-08-31 19:48:28 App is up to date.
2022-08-31 20:48:27 Checking for update using Github
2022-08-31 20:48:28 Success.
2022-08-31 20:48:28 Latest version is 0.15.9
2022-08-31 20:48:28 App is up to date.
2022-08-31 21:48:28 Checking for update using Github
2022-08-31 21:48:28 Success.
2022-08-31 21:48:28 Latest version is 0.15.9
2022-08-31 21:48:28 App is up to date.
2022-08-31 22:48:28 Checking for update using Github
2022-08-31 22:48:28 Success.
2022-08-31 22:48:28 Latest version is 0.15.9
2022-08-31 22:48:28 App is up to date.
2022-08-31 23:48:28 Checking for update using Github
2022-08-31 23:48:28 Success.
2022-08-31 23:48:28 Latest version is 0.15.9
2022-08-31 23:48:28 App is up to date.
2022-09-01 00:48:28 Checking for update using Github
2022-09-01 00:48:28 Success.
2022-09-01 00:48:28 Latest version is 0.15.9
2022-09-01 00:48:28 App is up to date.
2022-09-01 01:48:28 Checking for update using Github
2022-09-01 01:48:28 Success.
2022-09-01 01:48:28 Latest version is 0.15.9
2022-09-01 01:48:28 App is up to date.
2022-09-01 13:22:06 Loading main app package /usr/lib/obsidian/obsidian.asar
2022-09-01 13:22:06 Checking for update using Github
2022-09-01 13:22:06 Success.
2022-09-01 13:22:06 Latest version is 0.15.9
2022-09-01 13:22:06 App is up to date.
2022-09-01 14:22:06 Checking for update using Github
2022-09-01 14:22:07 Success.
2022-09-01 14:22:07 Latest version is 0.15.9
2022-09-01 14:22:07 App is up to date.
2022-09-01 15:22:06 Checking for update using Github
2022-09-01 15:22:06 Success.
2022-09-01 15:22:06 Latest version is 0.15.9
2022-09-01 15:22:06 App is up to date.
2022-09-01 16:22:06 Checking for update using Github
2022-09-01 16:22:06 Success.
2022-09-01 16:22:06 Latest version is 0.15.9
2022-09-01 16:22:06 App is up to date.
2022-09-01 17:22:06 Checking for update using Github
2022-09-01 17:22:09 Success.
2022-09-01 17:22:09 Latest version is 0.15.9
2022-09-01 17:22:09 App is up to date.
2022-09-01 18:22:06 Checking for update using Github
2022-09-01 18:22:07 Success.
2022-09-01 18:22:07 Latest version is 0.15.9
2022-09-01 18:22:07 App is up to date.
2022-09-01 19:22:07 Checking for update using Github
2022-09-01 19:22:07 Success.
2022-09-01 19:22:07 Latest version is 0.15.9
2022-09-01 19:22:07 App is up to date.
2022-09-01 20:22:07 Checking for update using Github
2022-09-01 20:22:07 Success.
2022-09-01 20:22:07 Latest version is 0.15.9
2022-09-01 20:22:07 App is up to date.
2022-09-01 21:22:07 Checking for update using Github
2022-09-01 21:22:07 Success.
2022-09-01 21:22:07 Latest version is 0.15.9
2022-09-01 21:22:07 App is up to date.
2022-09-01 22:22:07 Checking for update using Github
2022-09-01 22:22:07 Success.
2022-09-01 22:22:07 Latest version is 0.15.9
2022-09-01 22:22:07 App is up to date.
2022-09-01 23:22:07 Checking for update using Github
2022-09-01 23:22:07 Success.
2022-09-01 23:22:07 Latest version is 0.15.9
2022-09-01 23:22:07 App is up to date.
2022-09-02 00:22:07 Checking for update using Github
2022-09-02 00:22:07 Success.
2022-09-02 00:22:07 Latest version is 0.15.9
2022-09-02 00:22:07 App is up to date.
2022-09-02 01:22:07 Checking for update using Github
2022-09-02 01:22:07 Success.
2022-09-02 01:22:07 Latest version is 0.15.9
2022-09-02 01:22:07 App is up to date.
2022-09-02 14:56:48 Loading main app package /usr/lib/obsidian/obsidian.asar
2022-09-02 14:56:48 Checking for update using Github
2022-09-02 14:56:48 Success.
2022-09-02 14:56:48 Latest version is 0.15.9
2022-09-02 14:56:48 App is up to date.
2022-09-02 15:56:48 Checking for update using Github
2022-09-02 15:56:48 Success.
2022-09-02 15:56:48 Latest version is 0.15.9
2022-09-02 15:56:48 App is up to date.
2022-09-02 16:56:48 Checking for update using Github
2022-09-02 16:56:48 Success.
2022-09-02 16:56:48 Latest version is 0.15.9
2022-09-02 16:56:48 App is up to date.
2022-09-02 17:56:48 Checking for update using Github
2022-09-02 17:56:49 Success.
2022-09-02 17:56:49 Latest version is 0.15.9
2022-09-02 17:56:49 App is up to date.
2022-09-02 18:56:48 Checking for update using Github
2022-09-02 18:56:49 Success.
2022-09-02 18:56:49 Latest version is 0.15.9
2022-09-02 18:56:49 App is up to date.
2022-09-02 19:56:48 Checking for update using Github
2022-09-02 19:56:49 Success.
2022-09-02 19:56:49 Latest version is 0.15.9
2022-09-02 19:56:49 App is up to date.
2022-09-02 20:56:49 Checking for update using Github
2022-09-02 20:56:49 Success.
2022-09-02 20:56:49 Latest version is 0.15.9
2022-09-02 20:56:49 App is up to date.
2022-09-02 21:56:49 Checking for update using Github
2022-09-02 21:56:49 Success.
2022-09-02 21:56:49 Latest version is 0.15.9
2022-09-02 21:56:49 App is up to date.
2022-09-02 22:56:49 Checking for update using Github
2022-09-02 22:56:49 Success.
2022-09-02 22:56:49 Latest version is 0.15.9
2022-09-02 22:56:49 App is up to date.
2022-09-02 23:56:49 Checking for update using Github
2022-09-02 23:56:49 Success.
2022-09-02 23:56:49 Latest version is 0.15.9
2022-09-02 23:56:49 App is up to date.
2022-09-03 00:56:49 Checking for update using Github
2022-09-03 00:56:49 Success.
2022-09-03 00:56:49 Latest version is 0.15.9
2022-09-03 00:56:49 App is up to date.
2022-09-03 01:56:49 Checking for update using Github
2022-09-03 01:56:49 Success.
2022-09-03 01:56:49 Latest version is 0.15.9
2022-09-03 01:56:49 App is up to date.
2022-09-03 02:56:49 Checking for update using Github
2022-09-03 02:56:49 Success.
2022-09-03 02:56:49 Latest version is 0.15.9
2022-09-03 02:56:49 App is up to date.
2022-09-03 03:56:49 Checking for update using Github
2022-09-03 03:56:49 Success.
2022-09-03 03:56:49 Latest version is 0.15.9
2022-09-03 03:56:49 App is up to date.
2022-09-03 04:56:49 Checking for update using Github
2022-09-03 04:56:49 Success.
2022-09-03 04:56:49 Latest version is 0.15.9
2022-09-03 04:56:49 App is up to date.
2022-09-03 14:44:31 Checking for update using Github
2022-09-03 14:44:31 Success.
2022-09-03 14:44:31 Latest version is 0.15.9
2022-09-03 14:44:31 App is up to date.
2022-09-03 15:44:31 Checking for update using Github
2022-09-03 15:44:31 Success.
2022-09-03 15:44:31 Latest version is 0.15.9
2022-09-03 15:44:31 App is up to date.
2022-09-03 16:44:31 Checking for update using Github
2022-09-03 16:44:32 Success.
2022-09-03 16:44:32 Latest version is 0.15.9
2022-09-03 16:44:32 App is up to date.
2022-09-03 17:44:31 Checking for update using Github
2022-09-03 17:44:32 Success.
2022-09-03 17:44:32 Latest version is 0.15.9
2022-09-03 17:44:32 App is up to date.
2022-09-03 18:44:32 Checking for update using Github
2022-09-03 18:44:32 Success.
2022-09-03 18:44:32 Latest version is 0.15.9
2022-09-03 18:44:32 App is up to date.
2022-09-03 19:44:32 Checking for update using Github
2022-09-03 19:44:32 Success.
2022-09-03 19:44:32 Latest version is 0.15.9
2022-09-03 19:44:32 App is up to date.
2022-09-03 20:44:32 Checking for update using Github
2022-09-03 20:44:32 Success.
2022-09-03 20:44:32 Latest version is 0.15.9
2022-09-03 20:44:32 App is up to date.
2022-09-08 16:49:21 Loading main app package /usr/lib/obsidian/obsidian.asar
2022-09-08 16:49:21 Checking for update using Github
2022-09-08 16:49:21 Success.
2022-09-08 16:49:21 Latest version is 0.15.9
2022-09-08 16:49:21 App is up to date.
2022-09-08 17:49:21 Checking for update using Github
2022-09-08 17:49:21 Success.
2022-09-08 17:49:21 Latest version is 0.15.9
2022-09-08 17:49:21 App is up to date.
2022-09-08 18:49:21 Checking for update using Github
2022-09-08 18:49:21 Success.
2022-09-08 18:49:21 Latest version is 0.15.9
2022-09-08 18:49:21 App is up to date.
2022-09-08 19:49:21 Checking for update using Github
2022-09-08 19:49:21 Success.
2022-09-08 19:49:21 Latest version is 0.15.9
2022-09-08 19:49:21 App is up to date.
2022-09-08 20:49:21 Checking for update using Github
2022-09-08 20:49:21 Success.
2022-09-08 20:49:21 Latest version is 0.15.9
2022-09-08 20:49:21 App is up to date.
2022-09-08 21:49:21 Checking for update using Github
2022-09-08 21:49:21 Success.
2022-09-08 21:49:21 Latest version is 0.15.9
2022-09-08 21:49:21 App is up to date.
2022-09-08 22:49:21 Checking for update using Github
2022-09-08 22:49:22 Success.
2022-09-08 22:49:22 Latest version is 0.15.9
2022-09-08 22:49:22 App is up to date.
2022-09-13 23:54:05 Loading main app package /usr/lib/obsidian/obsidian.asar
2022-09-13 23:54:05 Checking for update using Github
2022-09-13 23:54:05 Success.
2022-09-13 23:54:05 Latest version is 0.15.9
2022-09-13 23:54:05 App is up to date.
2022-09-14 00:54:05 Checking for update using Github
2022-09-14 00:54:05 Success.
2022-09-14 00:54:05 Latest version is 0.15.9
2022-09-14 00:54:05 App is up to date.
2022-09-20 20:40:34 Loading main app package /usr/lib/obsidian/obsidian.asar
2022-09-20 20:40:34 Checking for update using Github
2022-09-20 20:40:34 Success.
2022-09-20 20:40:34 Latest version is 0.15.9
2022-09-20 20:40:34 App is up to date.
2022-09-20 21:40:34 Checking for update using Github
2022-09-20 21:40:34 Success.
2022-09-20 21:40:34 Latest version is 0.15.9
2022-09-20 21:40:34 App is up to date.
2022-09-20 22:40:34 Checking for update using Github
2022-09-20 22:40:35 Success.
2022-09-20 22:40:35 Latest version is 0.15.9
2022-09-20 22:40:35 App is up to date.
2022-09-20 23:40:34 Checking for update using Github
2022-09-20 23:40:35 Success.
2022-09-20 23:40:35 Latest version is 0.15.9
2022-09-20 23:40:35 App is up to date.
2022-09-21 00:32:29 Loading main app package /usr/lib/obsidian/obsidian.asar
2022-09-21 00:32:29 Checking for update using Github
2022-09-21 00:32:29 Success.
2022-09-21 00:32:29 Latest version is 0.15.9
2022-09-21 00:32:29 App is up to date.
2022-09-21 17:55:39 Loading main app package /usr/lib/obsidian/obsidian.asar
2022-09-21 17:55:40 Checking for update using Github
2022-09-21 17:55:40 Success.
2022-09-21 17:55:40 Latest version is 0.15.9
2022-09-21 17:55:40 App is up to date.
2022-09-21 18:13:39 Loading main app package /usr/lib/obsidian/obsidian.asar
2022-09-21 18:13:40 Checking for update using Github
2022-09-21 18:55:40 Checking for update using Github
2022-09-21 18:55:40 Success.
2022-09-21 18:55:40 Latest version is 0.15.9
2022-09-21 18:55:40 App is up to date.
2022-09-21 19:55:40 Checking for update using Github
2022-09-21 19:55:40 Success.
2022-09-21 19:55:40 Latest version is 0.15.9
2022-09-21 19:55:40 App is up to date.
2022-09-21 20:55:40 Checking for update using Github
2022-09-21 20:55:41 Success.
2022-09-21 20:55:41 Latest version is 0.15.9
2022-09-21 20:55:41 App is up to date.
2022-09-21 21:55:40 Checking for update using Github
2022-09-21 21:55:40 Success.
2022-09-21 21:55:40 Latest version is 0.15.9
2022-09-21 21:55:40 App is up to date.
2022-09-21 22:55:40 Checking for update using Github
2022-09-21 22:55:40 Success.
2022-09-21 22:55:40 Latest version is 0.15.9
2022-09-21 22:55:40 App is up to date.
2022-09-21 22:57:26 Loading main app package /usr/lib/obsidian/obsidian.asar
2022-09-21 22:57:26 Checking for update using Github
2022-09-21 22:57:26 Success.
2022-09-21 22:57:26 Latest version is 0.15.9
2022-09-21 22:57:26 App is up to date.
2022-09-21 23:31:32 Loading main app package /usr/lib/obsidian/obsidian.asar
2022-09-21 23:31:32 Checking for update using Github
2022-09-21 23:31:32 Success.
2022-09-21 23:31:32 Latest version is 0.15.9
2022-09-21 23:31:32 App is up to date.
2022-09-22 11:32:33 Loading main app package /usr/lib/obsidian/obsidian.asar
2022-09-22 11:32:33 Checking for update using Github
2022-09-22 11:32:33 Success.
2022-09-22 11:32:33 Latest version is 0.15.9
2022-09-22 11:32:33 App is up to date.
2022-09-22 14:28:47 Loading main app package /usr/lib/obsidian/obsidian.asar
2022-09-22 14:28:47 Checking for update using Github
2022-09-22 14:28:47 Success.
2022-09-22 14:28:47 Latest version is 0.15.9
2022-09-22 14:28:47 App is up to date.
2022-09-22 14:57:36 Loading main app package /usr/lib/obsidian/obsidian.asar
2022-09-22 14:57:36 Checking for update using Github
2022-09-22 14:57:36 Success.
2022-09-22 14:57:36 Latest version is 0.15.9
2022-09-22 14:57:36 App is up to date.
2022-09-22 17:10:48 Checking for update using Github
2022-09-22 17:10:49 Success.
2022-09-22 17:10:49 Latest version is 0.15.9
2022-09-22 17:10:49 App is up to date.
2022-09-22 17:34:30 Loading main app package /usr/lib/obsidian/obsidian.asar
2022-09-22 17:34:30 Checking for update using Github
2022-09-22 18:10:49 Checking for update using Github
2022-09-22 18:10:49 Success.
2022-09-22 18:10:49 Latest version is 0.15.9
2022-09-22 18:10:49 App is up to date.
2022-09-22 19:36:06 Loading main app package /usr/lib/obsidian/obsidian.asar
2022-09-22 19:36:06 Checking for update using Github
2022-09-22 19:36:06 Success.
2022-09-22 19:36:06 Latest version is 0.15.9
2022-09-22 19:36:06 App is up to date.
2022-09-22 20:36:06 Checking for update using Github
2022-09-22 20:36:06 Success.
2022-09-22 20:36:06 Latest version is 0.15.9
2022-09-22 20:36:06 App is up to date.
2022-09-23 07:56:04 Loading main app package /usr/lib/obsidian/obsidian.asar
2022-09-23 07:56:04 Checking for update using Github
2022-09-23 07:56:04 Success.
2022-09-23 07:56:04 Latest version is 0.15.9
2022-09-23 07:56:04 App is up to date.
2022-09-23 08:56:04 Checking for update using Github
2022-09-23 08:56:04 Success.
2022-09-23 08:56:04 Latest version is 0.15.9
2022-09-23 08:56:04 App is up to date.
2022-09-23 09:48:19 Loading main app package /usr/lib/obsidian/obsidian.asar
2022-09-23 09:48:19 Checking for update using Github
2022-09-23 09:48:19 Success.
2022-09-23 09:48:19 Latest version is 0.15.9
2022-09-23 09:48:19 App is up to date.
2022-09-23 13:44:31 Loading main app package /usr/lib/obsidian/obsidian.asar
2022-09-23 13:44:31 Checking for update using Github
2022-09-23 13:44:32 Success.
2022-09-23 13:44:32 Latest version is 0.15.9
2022-09-23 13:44:32 App is up to date.
2022-09-23 14:44:31 Checking for update using Github
2022-09-23 14:44:32 Success.
2022-09-23 14:44:32 Latest version is 0.15.9
2022-09-23 14:44:32 App is up to date.
2022-09-25 14:22:58 Loading main app package /usr/lib/obsidian/obsidian.asar
2022-09-25 14:22:58 Checking for update using Github
2022-09-25 14:22:58 Success.
2022-09-25 14:22:58 Latest version is 0.15.9
2022-09-25 14:22:58 App is up to date.
2022-09-25 15:22:58 Checking for update using Github
2022-09-25 15:22:58 Success.
2022-09-25 15:22:58 Latest version is 0.15.9
2022-09-25 15:22:58 App is up to date.
2022-09-26 14:46:07 Loading main app package /usr/lib/obsidian/obsidian.asar
2022-09-26 14:46:07 Checking for update using Github
2022-09-26 14:46:07 Success.
2022-09-26 14:46:07 Latest version is 0.15.9
2022-09-26 14:46:07 App is up to date.
2022-09-26 16:18:39 Loading main app package /usr/lib/obsidian/obsidian.asar
2022-09-26 16:18:39 Checking for update using Github
2022-09-26 16:18:40 Success.
2022-09-26 16:18:40 Latest version is 0.15.9
2022-09-26 16:18:40 App is up to date.
2022-09-26 17:18:39 Checking for update using Github
2022-09-26 17:18:39 Success.
2022-09-26 17:18:39 Latest version is 0.15.9
2022-09-26 17:18:39 App is up to date.
2022-09-26 18:18:39 Checking for update using Github
2022-09-26 18:18:39 Success.
2022-09-26 18:18:39 Latest version is 0.15.9
2022-09-26 18:18:39 App is up to date.
2022-09-26 19:47:33 Loading main app package /usr/lib/obsidian/obsidian.asar
2022-09-26 19:47:33 Checking for update using Github
2022-09-26 19:47:33 Success.
2022-09-26 19:47:33 Latest version is 0.15.9
2022-09-26 19:47:33 App is up to date.
2022-09-26 20:47:33 Checking for update using Github
2022-09-26 20:47:33 Success.
2022-09-26 20:47:33 Latest version is 0.15.9
2022-09-26 20:47:33 App is up to date.
2022-09-26 21:47:33 Checking for update using Github
2022-09-26 21:47:33 Success.
2022-09-26 21:47:33 Latest version is 0.15.9
2022-09-26 21:47:33 App is up to date.
2022-09-26 22:47:33 Checking for update using Github
2022-09-26 22:47:33 Success.
2022-09-26 22:47:33 Latest version is 0.15.9
2022-09-26 22:47:33 App is up to date.
2022-09-27 13:44:53 Loading main app package /usr/lib/obsidian/obsidian.asar
2022-09-27 13:44:54 Checking for update using Github
2022-09-27 13:44:54 Success.
2022-09-27 13:44:54 Latest version is 0.15.9
2022-09-27 13:44:54 App is up to date.
2022-09-27 14:44:54 Checking for update using Github
2022-09-27 14:44:54 Success.
2022-09-27 14:44:54 Latest version is 0.15.9
2022-09-27 14:44:54 App is up to date.
2022-09-27 15:44:54 Checking for update using Github
2022-09-27 15:44:54 Success.
2022-09-27 15:44:54 Latest version is 0.15.9
2022-09-27 15:44:54 App is up to date.
2022-09-27 16:44:54 Checking for update using Github
2022-09-27 16:44:54 Success.
2022-09-27 16:44:54 Latest version is 0.15.9
2022-09-27 16:44:54 App is up to date.
2022-09-27 17:44:54 Checking for update using Github
2022-09-27 17:44:54 Success.
2022-09-27 17:44:54 Latest version is 0.15.9
2022-09-27 17:44:54 App is up to date.
2022-09-27 18:44:54 Checking for update using Github
2022-09-27 18:44:54 Success.
2022-09-27 18:44:54 Latest version is 0.15.9
2022-09-27 18:44:54 App is up to date.
2022-09-27 20:09:50 Loading main app package /usr/lib/obsidian/obsidian.asar
2022-09-27 20:09:50 Checking for update using Github
2022-09-27 20:09:50 Success.
2022-09-27 20:09:50 Latest version is 0.15.9
2022-09-27 20:09:50 App is up to date.
2022-09-27 21:09:50 Checking for update using Github
2022-09-27 21:09:50 Success.
2022-09-27 21:09:50 Latest version is 0.15.9
2022-09-27 21:09:50 App is up to date.
2022-09-28 08:03:31 Loading main app package /usr/lib/obsidian/obsidian.asar
2022-09-28 08:03:32 Checking for update using Github
2022-09-28 08:03:32 Success.
2022-09-28 08:03:32 Latest version is 0.15.9
2022-09-28 08:03:32 App is up to date.
2022-09-28 09:03:32 Checking for update using Github
2022-09-28 09:03:32 Success.
2022-09-28 09:03:32 Latest version is 0.15.9
2022-09-28 09:03:32 App is up to date.
2022-09-28 10:03:32 Checking for update using Github
2022-09-28 10:03:32 Success.
2022-09-28 10:03:32 Latest version is 0.15.9
2022-09-28 10:03:32 App is up to date.
2022-09-28 11:56:41 Loading main app package /usr/lib/obsidian/obsidian.asar
2022-09-28 11:56:41 Checking for update using Github
2022-09-28 11:56:41 Success.
2022-09-28 11:56:41 Latest version is 0.15.9
2022-09-28 11:56:41 App is up to date.
2022-09-29 15:32:36 Loading main app package /usr/lib/obsidian/obsidian.asar
2022-09-29 15:32:36 Checking for update using Github
2022-09-29 15:36:36 Failed to check for update using Github (net::ERR_TIMED_OUT)
2022-09-29 15:36:36 Checking for update using obsidian.md
2022-09-29 15:36:41 Failed to check for update using obsidian.md (net::ERR_TIMED_OUT)
2022-09-30 08:57:27 Checking for update using Github
2022-09-30 08:57:27 Success.
2022-09-30 08:57:27 Latest version is 0.15.9
2022-09-30 08:57:27 App is up to date.
2022-09-30 09:57:27 Checking for update using Github
2022-09-30 09:57:27 Success.
2022-09-30 09:57:27 Latest version is 0.15.9
2022-09-30 09:57:27 App is up to date.
2022-09-30 10:27:12 Loading main app package /usr/lib/obsidian/obsidian.asar
2022-09-30 10:27:12 Checking for update using Github
2022-09-30 10:27:13 Failed to check for update using Github (net::ERR_NETWORK_CHANGED)
2022-09-30 10:27:13 Checking for update using obsidian.md
2022-09-30 10:27:14 Failed to check for update using obsidian.md (net::ERR_NETWORK_CHANGED)
2022-09-30 14:27:03 Checking for update using Github
2022-09-30 14:27:03 Success.
2022-09-30 14:27:03 Latest version is 0.15.9
2022-09-30 14:27:03 App is up to date.
2022-10-01 13:49:40 Loading main app package /usr/lib/obsidian/obsidian.asar
2022-10-01 13:49:40 Checking for update using Github
2022-10-01 13:49:40 Success.
2022-10-01 13:49:40 Latest version is 0.15.9
2022-10-01 13:49:40 App is up to date.
2022-10-01 14:49:40 Checking for update using Github
2022-10-01 14:49:41 Success.
2022-10-01 14:49:41 Latest version is 0.15.9
2022-10-01 14:49:41 App is up to date.
2022-10-01 15:49:40 Checking for update using Github
2022-10-01 15:49:40 Success.
2022-10-01 15:49:40 Latest version is 0.15.9
2022-10-01 15:49:40 App is up to date.
2022-10-01 16:49:40 Checking for update using Github
2022-10-01 16:49:41 Success.
2022-10-01 16:49:41 Latest version is 0.15.9
2022-10-01 16:49:41 App is up to date.
2022-10-01 17:49:40 Checking for update using Github
2022-10-01 17:49:41 Success.
2022-10-01 17:49:41 Latest version is 0.15.9
2022-10-01 17:49:41 App is up to date.
2022-10-01 18:49:41 Checking for update using Github
2022-10-01 18:49:41 Success.
2022-10-01 18:49:41 Latest version is 0.15.9
2022-10-01 18:49:41 App is up to date.
2022-10-01 19:49:41 Checking for update using Github
2022-10-01 19:49:41 Success.
2022-10-01 19:49:41 Latest version is 0.15.9
2022-10-01 19:49:41 App is up to date.
2022-10-01 20:49:41 Checking for update using Github
2022-10-01 20:49:41 Success.
2022-10-01 20:49:41 Latest version is 0.15.9
2022-10-01 20:49:41 App is up to date.
2022-10-01 21:49:41 Checking for update using Github
2022-10-01 21:49:41 Success.
2022-10-01 21:49:41 Latest version is 0.15.9
2022-10-01 21:49:41 App is up to date.
2022-10-01 22:49:41 Checking for update using Github
2022-10-01 22:49:41 Success.
2022-10-01 22:49:41 Latest version is 0.15.9
2022-10-01 22:49:41 App is up to date.
2022-10-01 23:49:41 Checking for update using Github
2022-10-01 23:49:41 Success.
2022-10-01 23:49:41 Latest version is 0.15.9
2022-10-01 23:49:41 App is up to date.
2022-10-02 00:49:41 Checking for update using Github
2022-10-02 00:49:41 Success.
2022-10-02 00:49:41 Latest version is 0.15.9
2022-10-02 00:49:41 App is up to date.
2022-10-02 12:16:43 Loading main app package /usr/lib/obsidian/obsidian.asar
2022-10-02 12:16:43 Checking for update using Github
2022-10-02 12:16:44 Success.
2022-10-02 12:16:44 Latest version is 0.15.9
2022-10-02 12:16:44 App is up to date.
2022-10-02 13:16:43 Checking for update using Github
2022-10-02 13:16:43 Success.
2022-10-02 13:16:43 Latest version is 0.15.9
2022-10-02 13:16:43 App is up to date.
2022-10-02 14:16:43 Checking for update using Github
2022-10-02 14:16:44 Success.
2022-10-02 14:16:44 Latest version is 0.15.9
2022-10-02 14:16:44 App is up to date.
2022-10-02 15:16:44 Checking for update using Github
2022-10-02 15:16:49 Success.
2022-10-02 15:16:49 Latest version is 0.15.9
2022-10-02 15:16:49 App is up to date.
2022-10-02 20:26:53 Loading main app package /usr/lib/obsidian/obsidian.asar
2022-10-02 20:26:53 Checking for update using Github
2022-10-02 20:26:53 Success.
2022-10-02 20:26:53 Latest version is 0.15.9
2022-10-02 20:26:53 App is up to date.
2022-10-02 21:26:53 Checking for update using Github
2022-10-02 21:26:53 Success.
2022-10-02 21:26:53 Latest version is 0.15.9
2022-10-02 21:26:53 App is up to date.
2022-10-02 22:26:53 Checking for update using Github
2022-10-02 22:26:53 Success.
2022-10-02 22:26:53 Latest version is 0.15.9
2022-10-02 22:26:53 App is up to date.
2022-10-02 23:26:53 Checking for update using Github
2022-10-02 23:26:53 Success.
2022-10-02 23:26:53 Latest version is 0.15.9
2022-10-02 23:26:53 App is up to date.
2022-10-03 16:21:00 Loading main app package /usr/lib/obsidian/obsidian.asar
2022-10-03 16:21:00 Checking for update using Github
2022-10-03 16:21:00 Success.
2022-10-03 16:21:00 Latest version is 0.15.9
2022-10-03 16:21:00 App is up to date.
2022-10-03 17:21:00 Checking for update using Github
2022-10-03 17:21:00 Success.
2022-10-03 17:21:00 Latest version is 0.15.9
2022-10-03 17:21:00 App is up to date.
2022-10-03 18:21:00 Checking for update using Github
2022-10-03 18:21:00 Success.
2022-10-03 18:21:00 Latest version is 0.15.9
2022-10-03 18:21:00 App is up to date.
2022-10-04 09:45:26 Loading main app package /usr/lib/obsidian/obsidian.asar
2022-10-04 09:45:26 Checking for update using Github
2022-10-04 09:45:27 Success.
2022-10-04 09:45:27 Latest version is 0.15.9
2022-10-04 09:45:27 App is up to date.
2022-10-04 10:45:26 Checking for update using Github
2022-10-04 10:45:26 Success.
2022-10-04 10:45:26 Latest version is 0.15.9
2022-10-04 10:45:26 App is up to date.
2022-10-04 11:36:08 Loading main app package /usr/lib/obsidian/obsidian.asar
2022-10-04 11:36:08 Checking for update using Github
2022-10-04 11:36:08 Failed to check for update using Github (net::ERR_NAME_NOT_RESOLVED)
2022-10-04 11:36:08 Checking for update using obsidian.md
2022-10-04 11:36:08 Failed to check for update using obsidian.md (net::ERR_NAME_NOT_RESOLVED)
2022-10-05 23:39:12 Loading main app package /usr/lib/obsidian/obsidian.asar
2022-10-05 23:39:12 Checking for update using Github
2022-10-05 23:39:12 Success.
2022-10-05 23:39:12 Latest version is 0.15.9
2022-10-05 23:39:12 App is up to date.
2022-10-06 11:22:18 Loading main app package /usr/lib/obsidian/obsidian.asar
2022-10-06 11:22:18 Checking for update using Github
2022-10-06 11:22:19 Success.
2022-10-06 11:22:19 Latest version is 0.15.9
2022-10-06 11:22:19 App is up to date.
2022-10-06 23:29:43 Loading main app package /usr/lib/obsidian/obsidian.asar
2022-10-06 23:29:44 Checking for update using Github
2022-10-07 07:56:20 Success.
2022-10-07 07:56:20 Latest version is 0.15.9
2022-10-07 07:56:20 App is up to date.
2022-10-07 08:56:10 Checking for update using Github
2022-10-07 08:56:10 Success.
2022-10-07 08:56:10 Latest version is 0.15.9
2022-10-07 08:56:10 App is up to date.
2022-10-07 09:56:10 Checking for update using Github
2022-10-07 09:56:10 Success.
2022-10-07 09:56:10 Latest version is 0.15.9
2022-10-07 09:56:10 App is up to date.
2022-10-07 10:23:06 Loading main app package /usr/lib/obsidian/obsidian.asar
2022-10-07 10:23:06 Checking for update using Github
2022-10-07 10:23:06 Failed to check for update using Github (net::ERR_INTERNET_DISCONNECTED)
2022-10-07 10:23:06 Checking for update using obsidian.md
2022-10-07 10:23:06 Failed to check for update using obsidian.md (net::ERR_INTERNET_DISCONNECTED)
2022-10-07 11:23:06 Checking for update using Github
2022-10-07 11:23:06 Failed to check for update using Github (net::ERR_NAME_NOT_RESOLVED)
2022-10-07 11:23:06 Checking for update using obsidian.md
2022-10-07 11:23:06 Failed to check for update using obsidian.md (net::ERR_NAME_NOT_RESOLVED)
2022-10-08 14:05:03 Loading main app package /usr/lib/obsidian/obsidian.asar
2022-10-08 14:05:03 Checking for update using Github
2022-10-08 14:05:04 Success.
2022-10-08 14:05:04 Latest version is 0.15.9
2022-10-08 14:05:04 App is up to date.
2022-10-08 15:05:03 Checking for update using Github
2022-10-08 15:05:04 Success.
2022-10-08 15:05:04 Latest version is 0.15.9
2022-10-08 15:05:04 App is up to date.
2022-10-08 16:05:04 Checking for update using Github
2022-10-08 16:05:04 Success.
2022-10-08 16:05:04 Latest version is 0.15.9
2022-10-08 16:05:04 App is up to date.
2022-10-08 17:05:04 Checking for update using Github
2022-10-08 17:05:04 Success.
2022-10-08 17:05:04 Latest version is 0.15.9
2022-10-08 17:05:04 App is up to date.
2022-10-08 18:05:04 Checking for update using Github
2022-10-08 18:05:04 Success.
2022-10-08 18:05:04 Latest version is 0.15.9
2022-10-08 18:05:04 App is up to date.
2022-10-08 19:05:04 Checking for update using Github
2022-10-08 19:05:04 Success.
2022-10-08 19:05:04 Latest version is 0.15.9
2022-10-08 19:05:04 App is up to date.
2022-10-09 23:57:02 Loading main app package /usr/lib/obsidian/obsidian.asar
2022-10-09 23:57:02 Checking for update using Github
2022-10-09 23:57:03 Success.
2022-10-09 23:57:03 Latest version is 0.15.9
2022-10-09 23:57:03 App is up to date.
2022-10-10 17:53:19 Checking for update using Github
2022-10-10 17:53:19 Success.
2022-10-10 17:53:19 Latest version is 0.15.9
2022-10-10 17:53:19 App is up to date.
2022-10-13 13:44:49 Loading main app package /usr/lib/obsidian/obsidian.asar
2022-10-13 13:44:49 Checking for update using Github
2022-10-13 13:44:49 Success.
2022-10-13 13:44:49 Latest version is 1.0.0
2022-10-13 13:44:49 Downloading update from https://github.com/obsidianmd/obsidian-releases/releases/download/v1.0.0/obsidian-1.0.0.asar.gz
2022-10-13 13:44:52 Verifying hash & signature. Size= 5637590
2022-10-13 13:44:52 Saving file
2022-10-13 13:44:52 Update complete.
2022-10-13 14:44:49 Checking for update using Github
2022-10-13 14:44:49 Success.
2022-10-13 14:44:49 Latest version is 1.0.0
2022-10-13 14:44:49 An update is already downloaded.
2022-10-13 15:44:49 Checking for update using Github
2022-10-13 15:44:49 Success.
2022-10-13 15:44:49 Latest version is 1.0.0
2022-10-13 15:44:49 An update is already downloaded.
2022-10-13 16:44:49 Checking for update using Github
2022-10-13 16:44:49 Success.
2022-10-13 16:44:49 Latest version is 1.0.0
2022-10-13 16:44:49 An update is already downloaded.
2022-10-13 17:44:49 Checking for update using Github
2022-10-13 17:44:49 Success.
2022-10-13 17:44:49 Latest version is 1.0.0
2022-10-13 17:44:49 An update is already downloaded.
2022-10-13 18:44:49 Checking for update using Github
2022-10-13 18:44:49 Success.
2022-10-13 18:44:49 Latest version is 1.0.0
2022-10-13 18:44:49 An update is already downloaded.
2022-10-13 19:44:49 Checking for update using Github
2022-10-13 19:44:49 Success.
2022-10-13 19:44:49 Latest version is 1.0.0
2022-10-13 19:44:49 An update is already downloaded.
2022-10-13 20:44:49 Checking for update using Github
2022-10-13 20:44:49 Success.
2022-10-13 20:44:49 Latest version is 1.0.0
2022-10-13 20:44:49 An update is already downloaded.
2022-10-13 21:44:49 Checking for update using Github
2022-10-13 21:44:49 Success.
2022-10-13 21:44:49 Latest version is 1.0.0
2022-10-13 21:44:49 An update is already downloaded.
2022-10-13 22:44:49 Checking for update using Github
2022-10-13 22:44:50 Success.
2022-10-13 22:44:50 Latest version is 1.0.0
2022-10-13 22:44:50 An update is already downloaded.
2022-10-19 15:48:54 Loading main app package /usr/lib/obsidian/obsidian.asar
2022-10-19 15:48:55 Checking for update using Github
2022-10-19 15:48:55 Success.
2022-10-19 15:48:55 Latest version is 1.0.0
2022-10-19 15:48:55 App is up to date.
2022-10-19 16:48:54 Checking for update using Github
2022-10-19 16:48:54 Success.
2022-10-19 16:48:54 Latest version is 1.0.0
2022-10-19 16:48:54 App is up to date.
2022-10-19 17:48:54 Checking for update using Github
2022-10-19 17:48:54 Success.
2022-10-19 17:48:54 Latest version is 1.0.0
2022-10-19 17:48:54 App is up to date.
2022-10-19 18:48:54 Checking for update using Github
2022-10-19 18:48:54 Success.
2022-10-19 18:48:54 Latest version is 1.0.0
2022-10-19 18:48:54 App is up to date.
2022-10-19 19:48:54 Checking for update using Github
2022-10-19 19:48:55 Success.
2022-10-19 19:48:55 Latest version is 1.0.0
2022-10-19 19:48:55 App is up to date.
2022-10-19 20:48:55 Checking for update using Github
2022-10-19 20:48:55 Success.
2022-10-19 20:48:55 Latest version is 1.0.0
2022-10-19 20:48:55 App is up to date.
2022-10-19 21:48:55 Checking for update using Github
2022-10-19 21:48:55 Success.
2022-10-19 21:48:55 Latest version is 1.0.0
2022-10-19 21:48:55 App is up to date.
2022-10-19 22:48:55 Checking for update using Github
2022-10-19 22:48:55 Success.
2022-10-19 22:48:55 Latest version is 1.0.0
2022-10-19 22:48:55 App is up to date.
2022-10-22 12:26:49 Loading main app package /usr/lib/obsidian/obsidian.asar
2022-10-22 12:26:49 Checking for update using Github
2022-10-22 12:26:49 Success.
2022-10-22 12:26:49 Latest version is 1.0.0
2022-10-22 12:26:49 App is up to date.
2022-10-22 12:31:44 Loading main app package /usr/lib/obsidian/obsidian.asar
2022-10-22 12:31:45 Checking for update using Github
2022-10-22 12:31:45 Success.
2022-10-22 12:31:45 Latest version is 1.0.0
2022-10-22 12:31:45 App is up to date.
2022-10-22 12:31:59 Loading main app package /usr/lib/obsidian/obsidian.asar
2022-10-22 12:31:59 Checking for update using Github
2022-10-22 12:31:59 Success.
2022-10-22 12:31:59 Latest version is 1.0.0
2022-10-22 12:31:59 App is up to date.
2022-10-22 12:59:51 Loading main app package /usr/lib/obsidian/obsidian.asar
2022-10-22 12:59:51 Checking for update using Github
2022-10-22 12:59:51 Success.
2022-10-22 12:59:51 Latest version is 1.0.0
2022-10-22 12:59:51 App is up to date.
2022-10-22 13:00:07 Loading main app package /usr/lib/obsidian/obsidian.asar
2022-10-22 13:00:07 Checking for update using Github
2022-10-22 13:00:07 Success.
2022-10-22 13:00:07 Latest version is 1.0.0
2022-10-22 13:00:07 App is up to date.
2022-10-22 14:00:07 Checking for update using Github
2022-10-22 14:00:07 Success.
2022-10-22 14:00:07 Latest version is 1.0.0
2022-10-22 14:00:07 App is up to date.
2022-10-22 15:00:07 Checking for update using Github
2022-10-22 15:00:07 Success.
2022-10-22 15:00:07 Latest version is 1.0.0
2022-10-22 15:00:07 App is up to date.
2022-10-22 16:00:07 Checking for update using Github
2022-10-22 16:00:08 Success.
2022-10-22 16:00:08 Latest version is 1.0.0
2022-10-22 16:00:08 App is up to date.
2022-10-22 17:00:08 Checking for update using Github
2022-10-22 17:00:08 Success.
2022-10-22 17:00:08 Latest version is 1.0.0
2022-10-22 17:00:08 App is up to date.
2022-10-22 18:00:08 Checking for update using Github
2022-10-22 18:00:08 Success.
2022-10-22 18:00:08 Latest version is 1.0.0
2022-10-22 18:00:08 App is up to date.
2022-10-22 19:00:08 Checking for update using Github
2022-10-22 19:00:08 Success.
2022-10-22 19:00:08 Latest version is 1.0.0
2022-10-22 19:00:08 App is up to date.
2022-10-22 20:00:08 Checking for update using Github
2022-10-22 20:00:08 Success.
2022-10-22 20:00:08 Latest version is 1.0.0
2022-10-22 20:00:08 App is up to date.
2022-10-23 11:57:56 Loading main app package /usr/lib/obsidian/obsidian.asar
2022-10-23 11:57:56 Checking for update using Github
2022-10-23 11:57:56 Success.
2022-10-23 11:57:56 Latest version is 1.0.0
2022-10-23 11:57:56 App is up to date.
2022-10-23 12:57:56 Checking for update using Github
2022-10-23 12:57:56 Success.
2022-10-23 12:57:56 Latest version is 1.0.0
2022-10-23 12:57:56 App is up to date.
2022-10-23 13:57:56 Checking for update using Github
2022-10-23 13:57:56 Success.
2022-10-23 13:57:56 Latest version is 1.0.0
2022-10-23 13:57:56 App is up to date.
2022-10-23 14:57:56 Checking for update using Github
2022-10-23 14:57:56 Success.
2022-10-23 14:57:56 Latest version is 1.0.0
2022-10-23 14:57:56 App is up to date.
2022-10-23 21:50:54 Loading main app package /usr/lib/obsidian/obsidian.asar
2022-10-23 21:50:54 Checking for update using Github
2022-10-23 21:50:54 Success.
2022-10-23 21:50:54 Latest version is 1.0.0
2022-10-23 21:50:54 App is up to date.
2022-10-23 22:50:54 Checking for update using Github
2022-10-23 22:51:14 Failed to check for update using Github (net::ERR_NAME_NOT_RESOLVED)
2022-10-23 22:51:14 Checking for update using obsidian.md
2022-10-23 22:51:54 Failed to check for update using obsidian.md (net::ERR_NAME_NOT_RESOLVED)
2022-10-23 23:50:54 Checking for update using Github
2022-10-23 23:50:54 Success.
2022-10-23 23:50:54 Latest version is 1.0.0
2022-10-23 23:50:54 App is up to date.
2022-10-24 00:50:54 Checking for update using Github
2022-10-24 00:50:54 Success.
2022-10-24 00:50:54 Latest version is 1.0.0
2022-10-24 00:50:54 App is up to date.
2022-10-25 15:42:55 Loading main app package /usr/lib/obsidian/obsidian.asar
2022-10-25 15:42:55 Checking for update using Github
2022-10-25 15:42:55 Success.
2022-10-25 15:42:55 Latest version is 1.0.0
2022-10-25 15:42:55 App is up to date.
2022-10-25 16:42:55 Checking for update using Github
2022-10-25 16:42:55 Success.
2022-10-25 16:42:55 Latest version is 1.0.0
2022-10-25 16:42:55 App is up to date.
2022-10-25 17:42:55 Checking for update using Github
2022-10-25 17:42:55 Success.
2022-10-25 17:42:55 Latest version is 1.0.0
2022-10-25 17:42:55 App is up to date.
2022-10-25 18:42:55 Checking for update using Github
2022-10-25 18:42:55 Success.
2022-10-25 18:42:55 Latest version is 1.0.0
2022-10-25 18:42:55 App is up to date.
2022-10-25 19:52:31 Loading main app package /usr/lib/obsidian/obsidian.asar
2022-10-25 19:52:32 Checking for update using Github
2022-10-25 19:52:32 Success.
2022-10-25 19:52:32 Latest version is 1.0.0
2022-10-25 19:52:32 App is up to date.
2022-10-25 20:52:31 Checking for update using Github
2022-10-25 20:52:32 Success.
2022-10-25 20:52:32 Latest version is 1.0.0
2022-10-25 20:52:32 App is up to date.
2022-10-25 21:52:31 Checking for update using Github
2022-10-25 21:52:32 Success.
2022-10-25 21:52:32 Latest version is 1.0.0
2022-10-25 21:52:32 App is up to date.
2022-10-25 23:13:03 Loading main app package /usr/lib/obsidian/obsidian.asar
2022-10-25 23:13:03 Checking for update using Github
2022-10-25 23:13:03 Success.
2022-10-25 23:13:03 Latest version is 1.0.0
2022-10-25 23:13:03 App is up to date.
2022-11-07 18:03:11 Loading main app package /usr/lib/obsidian/obsidian.asar
2022-11-07 18:03:11 Checking for update using Github
2022-11-07 18:03:12 Success.
2022-11-07 18:03:12 Latest version is 1.0.3
2022-11-07 18:03:12 Downloading update from https://github.com/obsidianmd/obsidian-releases/releases/download/v1.0.3/obsidian-1.0.3.asar.gz
2022-11-07 18:03:14 Verifying hash & signature. Size= 5638132
2022-11-07 18:03:14 Saving file
2022-11-07 18:03:14 Update complete.
2022-11-07 19:03:11 Checking for update using Github
2022-11-07 19:03:11 Success.
2022-11-07 19:03:11 Latest version is 1.0.3
2022-11-07 19:03:11 An update is already downloaded.
2022-11-08 14:36:03 Loading updated app package /home/samuh/.config/obsidian/obsidian-1.0.3.asar
2022-11-08 14:36:04 Checking for update using Github
2022-11-08 14:36:04 Success.
2022-11-08 14:36:04 Latest version is 1.0.3
2022-11-08 14:36:04 App is up to date.
2022-11-08 15:36:03 Checking for update using Github
2022-11-08 15:36:04 Success.
2022-11-08 15:36:04 Latest version is 1.0.3
2022-11-08 15:36:04 App is up to date.
2022-11-08 16:36:04 Checking for update using Github
2022-11-08 16:36:04 Success.
2022-11-08 16:36:04 Latest version is 1.0.3
2022-11-08 16:36:04 App is up to date.
2022-11-08 17:36:04 Checking for update using Github
2022-11-08 17:36:04 Success.
2022-11-08 17:36:04 Latest version is 1.0.3
2022-11-08 17:36:04 App is up to date.
2022-11-08 18:36:04 Checking for update using Github
2022-11-08 18:36:04 Success.
2022-11-08 18:36:04 Latest version is 1.0.3
2022-11-08 18:36:04 App is up to date.
2022-11-08 19:36:04 Checking for update using Github
2022-11-08 19:36:04 Success.
2022-11-08 19:36:04 Latest version is 1.0.3
2022-11-08 19:36:04 App is up to date.
2022-11-08 20:36:04 Checking for update using Github
2022-11-08 20:36:05 Success.
2022-11-08 20:36:05 Latest version is 1.0.3
2022-11-08 20:36:05 App is up to date.
2022-11-08 21:36:04 Checking for update using Github
2022-11-08 21:36:04 Success.
2022-11-08 21:36:04 Latest version is 1.0.3
2022-11-08 21:36:04 App is up to date.
2022-11-08 22:36:04 Checking for update using Github
2022-11-08 22:36:04 Success.
2022-11-08 22:36:04 Latest version is 1.0.3
2022-11-08 22:36:04 App is up to date.
2022-11-08 23:36:04 Checking for update using Github
2022-11-08 23:36:04 Success.
2022-11-08 23:36:04 Latest version is 1.0.3
2022-11-08 23:36:04 App is up to date.
2022-11-09 13:42:35 Loading main app package /usr/lib/obsidian/obsidian.asar
2022-11-09 13:42:35 Checking for update using Github
2022-11-09 13:42:35 Success.
2022-11-09 13:42:35 Latest version is 1.0.3
2022-11-09 13:42:35 App is up to date.
2022-11-09 14:42:35 Checking for update using Github
2022-11-09 14:42:35 Success.
2022-11-09 14:42:35 Latest version is 1.0.3
2022-11-09 14:42:35 App is up to date.
2022-11-09 15:42:35 Checking for update using Github
2022-11-09 15:42:35 Success.
2022-11-09 15:42:35 Latest version is 1.0.3
2022-11-09 15:42:35 App is up to date.
2022-11-09 16:42:35 Checking for update using Github
2022-11-09 16:42:35 Success.
2022-11-09 16:42:35 Latest version is 1.0.3
2022-11-09 16:42:35 App is up to date.
2022-11-09 17:23:37 Loading main app package /usr/lib/obsidian/obsidian.asar
2022-11-09 17:23:37 Checking for update using Github
2022-11-09 17:42:35 Checking for update using Github
2022-11-09 17:42:35 Success.
2022-11-09 17:42:35 Latest version is 1.0.3
2022-11-09 17:42:35 App is up to date.
2022-11-09 18:42:35 Checking for update using Github
2022-11-09 18:42:36 Success.
2022-11-09 18:42:36 Latest version is 1.0.3
2022-11-09 18:42:36 App is up to date.
2022-11-09 19:42:35 Checking for update using Github
2022-11-09 19:42:36 Success.
2022-11-09 19:42:36 Latest version is 1.0.3
2022-11-09 19:42:36 App is up to date.
2022-11-09 20:42:36 Checking for update using Github
2022-11-09 20:42:36 Success.
2022-11-09 20:42:36 Latest version is 1.0.3
2022-11-09 20:42:36 App is up to date.
2022-11-09 21:42:36 Checking for update using Github
2022-11-09 21:42:36 Success.
2022-11-09 21:42:36 Latest version is 1.0.3
2022-11-09 21:42:36 App is up to date.
2022-11-09 22:42:36 Checking for update using Github
2022-11-09 22:42:36 Success.
2022-11-09 22:42:36 Latest version is 1.0.3
2022-11-09 22:42:36 App is up to date.
2022-11-09 23:42:36 Checking for update using Github
2022-11-09 23:42:36 Success.
2022-11-09 23:42:36 Latest version is 1.0.3
2022-11-09 23:42:36 App is up to date.
2022-11-12 14:11:17 Loading main app package /usr/lib/obsidian/obsidian.asar
2022-11-12 14:11:17 Checking for update using Github
2022-11-12 14:11:18 Success.
2022-11-12 14:11:18 Latest version is 1.0.3
2022-11-12 14:11:18 App is up to date.
2022-11-12 14:33:59 Loading main app package /usr/lib/obsidian/obsidian.asar
2022-11-12 14:33:59 Checking for update using Github
2022-11-12 14:34:07 Success.
2022-11-12 14:34:07 Latest version is 1.0.3
2022-11-12 14:34:07 App is up to date.
2022-11-12 15:33:59 Checking for update using Github
2022-11-12 15:33:59 Success.
2022-11-12 15:33:59 Latest version is 1.0.3
2022-11-12 15:33:59 App is up to date.
2022-11-12 16:33:59 Checking for update using Github
2022-11-12 16:34:08 Success.
2022-11-12 16:34:08 Latest version is 1.0.3
2022-11-12 16:34:08 App is up to date.
2022-11-12 17:33:59 Checking for update using Github
2022-11-12 17:34:00 Success.
2022-11-12 17:34:00 Latest version is 1.0.3
2022-11-12 17:34:00 App is up to date.
2022-11-12 18:33:59 Checking for update using Github
2022-11-12 18:34:00 Success.
2022-11-12 18:34:00 Latest version is 1.0.3
2022-11-12 18:34:00 App is up to date.
2022-11-12 19:33:59 Checking for update using Github
2022-11-12 19:34:00 Success.
2022-11-12 19:34:00 Latest version is 1.0.3
2022-11-12 19:34:00 App is up to date.
2022-11-18 20:59:48 Loading main app package /usr/lib/obsidian/obsidian.asar
2022-11-18 20:59:48 Checking for update using Github
2022-11-18 20:59:48 Success.
2022-11-18 20:59:48 Latest version is 1.0.3
2022-11-18 20:59:48 App is up to date.
2022-11-18 21:59:48 Checking for update using Github
2022-11-18 21:59:48 Success.
2022-11-18 21:59:48 Latest version is 1.0.3
2022-11-18 21:59:48 App is up to date.
2022-11-18 22:59:48 Checking for update using Github
2022-11-18 22:59:48 Success.
2022-11-18 22:59:48 Latest version is 1.0.3
2022-11-18 22:59:48 App is up to date.
2022-11-18 23:59:48 Checking for update using Github
2022-11-18 23:59:48 Success.
2022-11-18 23:59:48 Latest version is 1.0.3
2022-11-18 23:59:48 App is up to date.
2022-11-19 00:59:48 Checking for update using Github
2022-11-19 00:59:48 Success.
2022-11-19 00:59:48 Latest version is 1.0.3
2022-11-19 00:59:48 App is up to date.
2022-11-19 19:15:25 Loading main app package /usr/lib/obsidian/obsidian.asar
2022-11-19 19:15:25 Checking for update using Github
2022-11-19 19:15:25 Success.
2022-11-19 19:15:25 Latest version is 1.0.3
2022-11-19 19:15:25 App is up to date.
2022-11-19 20:15:25 Checking for update using Github
2022-11-19 20:15:25 Success.
2022-11-19 20:15:25 Latest version is 1.0.3
2022-11-19 20:15:25 App is up to date.
2022-11-20 09:39:36 Loading main app package /usr/lib/obsidian/obsidian.asar
2022-11-20 09:39:36 Checking for update using Github
2022-11-20 09:39:36 Success.
2022-11-20 09:39:36 Latest version is 1.0.3
2022-11-20 09:39:36 App is up to date.
2022-11-20 10:39:36 Checking for update using Github
2022-11-20 10:39:36 Success.
2022-11-20 10:39:36 Latest version is 1.0.3
2022-11-20 10:39:36 App is up to date.
2022-11-20 11:39:36 Checking for update using Github
2022-11-20 11:39:36 Success.
2022-11-20 11:39:36 Latest version is 1.0.3
2022-11-20 11:39:36 App is up to date.
2022-11-20 12:39:36 Checking for update using Github
2022-11-20 12:39:36 Success.
2022-11-20 12:39:36 Latest version is 1.0.3
2022-11-20 12:39:36 App is up to date.
2022-11-20 13:39:36 Checking for update using Github
2022-11-20 13:39:36 Success.
2022-11-20 13:39:36 Latest version is 1.0.3
2022-11-20 13:39:36 App is up to date.
2022-11-20 14:39:36 Checking for update using Github
2022-11-20 14:39:36 Success.
2022-11-20 14:39:36 Latest version is 1.0.3
2022-11-20 14:39:36 App is up to date.
2022-11-20 15:39:36 Checking for update using Github
2022-11-20 15:39:36 Success.
2022-11-20 15:39:36 Latest version is 1.0.3
2022-11-20 15:39:36 App is up to date.
